<?xml version="1.0" encoding="utf-8"?>
<!DOCTYPE coverage SYSTEM "http://cobertura.sourceforge.net/xml/coverage-04.dtd">
<coverage line-rate="0.481707317073171" branch-rate="0.366459627329193" lines-covered="158" lines-valid="328" branches-covered="59" branches-valid="161" complexity="175" version="0" timestamp="1710457495">
  <sources>
    <source>C:\Users\jayms\</source>
  </sources>
  <packages>
    <package name="430 project" line-rate="0.413194444444444" branch-rate="0.366459627329193" complexity="169">
      <classes>
        <class name="Lang.Lexer.Token" filename="C:\Users\jayms\Documents\GitHub\pOOP-improved-syntax.314\lexer\430 project\Program.cs" line-rate="1" branch-rate="1" complexity="4">
          <methods>
            <method name="get_Type" signature="()" line-rate="1" branch-rate="1" complexity="1">
              <lines>
                <line number="64" hits="10" branch="false" />
              </lines>
            </method>
            <method name="get_Lexeme" signature="()" line-rate="1" branch-rate="1" complexity="1">
              <lines>
                <line number="65" hits="10" branch="false" />
              </lines>
            </method>
            <method name="get_CurrentLine" signature="()" line-rate="1" branch-rate="1" complexity="1">
              <lines>
                <line number="66" hits="5" branch="false" />
              </lines>
            </method>
            <method name=".ctor" signature="(...)" line-rate="1" branch-rate="1" complexity="1">
              <lines>
                <line number="67" hits="5" branch="false" />
                <line number="68" hits="5" branch="false" />
                <line number="69" hits="5" branch="false" />
                <line number="70" hits="5" branch="false" />
                <line number="71" hits="5" branch="false" />
                <line number="72" hits="5" branch="false" />
              </lines>
            </method>
          </methods>
          <lines>
            <line number="64" hits="10" branch="false" />
            <line number="65" hits="10" branch="false" />
            <line number="66" hits="5" branch="false" />
            <line number="67" hits="5" branch="false" />
            <line number="68" hits="5" branch="false" />
            <line number="69" hits="5" branch="false" />
            <line number="70" hits="5" branch="false" />
            <line number="71" hits="5" branch="false" />
            <line number="72" hits="5" branch="false" />
          </lines>
        </class>
        <class name="Lang.Lexer.Tokenizer" filename="C:\Users\jayms\Documents\GitHub\pOOP-improved-syntax.314\lexer\430 project\Program.cs" line-rate="0.397111913357401" branch-rate="0.366459627329193" complexity="164">
          <methods>
            <method name="GetChar" signature="()" line-rate="0.8" branch-rate="0.833333333333333" complexity="6">
              <lines>
                <line number="90" hits="56" branch="false" />
                <line number="91" hits="61" branch="true" condition-coverage="100% (2/2)" />
                <line number="93" hits="51" branch="false" />
                <line number="95" hits="51" branch="true" condition-coverage="100% (2/2)" />
                <line number="96" hits="41" branch="false" />
                <line number="97" hits="41" branch="false" />
                <line number="98" hits="41" branch="false" />
                <line number="100" hits="10" branch="false" />
                <line number="101" hits="10" branch="true" condition-coverage="50% (1/2)" />
                <line number="102" hits="0" branch="false" />
                <line number="103" hits="0" branch="false" />
                <line number="104" hits="0" branch="false" />
                <line number="105" hits="0" branch="false" />
                <line number="107" hits="10" branch="false" />
                <line number="108" hits="10" branch="false" />
                <line number="109" hits="10" branch="false" />
                <line number="110" hits="10" branch="false" />
                <line number="111" hits="10" branch="false" />
                <line number="113" hits="51" branch="false" />
                <line number="114" hits="56" branch="false" />
              </lines>
            </method>
            <method name="UngetString" signature="(...)" line-rate="0" branch-rate="0" complexity="2">
              <lines>
                <line number="117" hits="0" branch="false" />
                <line number="118" hits="0" branch="true" condition-coverage="0% (0/2)" />
                <line number="119" hits="0" branch="false" />
                <line number="120" hits="0" branch="false" />
                <line number="121" hits="0" branch="false" />
                <line number="122" hits="0" branch="false" />
              </lines>
            </method>
            <method name="UngetChar" signature="()" line-rate="0.764705882352941" branch-rate="0.75" complexity="4">
              <lines>
                <line number="124" hits="32" branch="false" />
                <line number="125" hits="32" branch="true" condition-coverage="50% (1/2)" />
                <line number="126" hits="32" branch="false" />
                <line number="127" hits="32" branch="true" condition-coverage="100% (2/2)" />
                <line number="128" hits="27" branch="false" />
                <line number="129" hits="27" branch="false" />
                <line number="130" hits="27" branch="false" />
                <line number="132" hits="5" branch="false" />
                <line number="133" hits="5" branch="false" />
                <line number="134" hits="5" branch="false" />
                <line number="135" hits="5" branch="false" />
                <line number="136" hits="32" branch="false" />
                <line number="138" hits="0" branch="false" />
                <line number="139" hits="0" branch="false" />
                <line number="140" hits="0" branch="false" />
                <line number="141" hits="0" branch="false" />
                <line number="142" hits="32" branch="false" />
              </lines>
            </method>
            <method name="PeekChar" signature="()" line-rate="1" branch-rate="1" complexity="2">
              <lines>
                <line number="145" hits="37" branch="false" />
                <line number="146" hits="37" branch="false" />
                <line number="147" hits="69" branch="true" condition-coverage="100% (2/2)" />
                <line number="148" hits="37" branch="false" />
                <line number="149" hits="37" branch="false" />
              </lines>
            </method>
            <method name="Unget" signature="()" line-rate="0" branch-rate="1" complexity="1">
              <lines>
                <line number="151" hits="0" branch="false" />
                <line number="152" hits="0" branch="false" />
                <line number="153" hits="0" branch="false" />
              </lines>
            </method>
            <method name="Peek" signature="()" line-rate="0" branch-rate="1" complexity="1">
              <lines>
                <line number="155" hits="0" branch="false" />
                <line number="156" hits="0" branch="false" />
                <line number="157" hits="0" branch="false" />
                <line number="158" hits="0" branch="false" />
                <line number="159" hits="0" branch="false" />
              </lines>
            </method>
            <method name="Get" signature="()" line-rate="0.681818181818182" branch-rate="0.583333333333333" complexity="12">
              <lines>
                <line number="161" hits="5" branch="false" />
                <line number="162" hits="5" branch="true" condition-coverage="50% (1/2)" />
                <line number="165" hits="5" branch="false" />
                <line number="167" hits="5" branch="true" condition-coverage="50% (1/2)" />
                <line number="168" hits="0" branch="false" />
                <line number="169" hits="0" branch="false" />
                <line number="171" hits="5" branch="true" condition-coverage="50% (1/2)" />
                <line number="172" hits="0" branch="false" />
                <line number="173" hits="0" branch="false" />
                <line number="175" hits="5" branch="true" condition-coverage="100% (2/2)" />
                <line number="176" hits="4" branch="false" />
                <line number="177" hits="4" branch="false" />
                <line number="179" hits="1" branch="false" />
                <line number="180" hits="1" branch="true" condition-coverage="50% (1/2)" />
                <line number="181" hits="0" branch="false" />
                <line number="182" hits="0" branch="false" />
                <line number="184" hits="1" branch="false" />
                <line number="185" hits="1" branch="true" condition-coverage="50% (1/2)" />
                <line number="186" hits="1" branch="false" />
                <line number="187" hits="1" branch="false" />
                <line number="192" hits="0" branch="false" />
                <line number="194" hits="5" branch="false" />
              </lines>
            </method>
            <method name="IsIntegerLiteral" signature="()" line-rate="0.777777777777778" branch-rate="0.666666666666667" complexity="6">
              <lines>
                <line number="197" hits="1" branch="false" />
                <line number="198" hits="1" branch="true" condition-coverage="50% (1/2)" />
                <line number="199" hits="0" branch="false" />
                <line number="200" hits="1" branch="false" />
                <line number="201" hits="1" branch="false" />
                <line number="202" hits="1" branch="false" />
                <line number="203" hits="5" branch="true" condition-coverage="100% (2/2)" />
                <line number="204" hits="4" branch="false" />
                <line number="205" hits="4" branch="false" />
                <line number="206" hits="4" branch="false" />
                <line number="207" hits="4" branch="true" condition-coverage="50% (1/2)" />
                <line number="208" hits="0" branch="false" />
                <line number="209" hits="0" branch="false" />
                <line number="210" hits="0" branch="false" />
                <line number="212" hits="4" branch="false" />
                <line number="214" hits="1" branch="false" />
                <line number="215" hits="1" branch="false" />
                <line number="216" hits="1" branch="false" />
              </lines>
            </method>
            <method name="IsKeyword" signature="()" line-rate="0.378787878787879" branch-rate="0.283950617283951" complexity="81">
              <lines>
                <line number="219" hits="5" branch="false" />
                <line number="220" hits="6" branch="true" condition-coverage="100% (2/2)" />
                <line number="221" hits="4" branch="false" />
                <line number="222" hits="4" branch="false" />
                <line number="223" hits="4" branch="false" />
                <line number="224" hits="14" branch="true" condition-coverage="100% (2/2)" />
                <line number="225" hits="10" branch="false" />
                <line number="226" hits="10" branch="false" />
                <line number="227" hits="10" branch="false" />
                <line number="228" hits="10" branch="true" condition-coverage="100% (2/2)" />
                <line number="229" hits="10" branch="false" />
                <line number="231" hits="4" branch="true" condition-coverage="23% (17/75)" />
                <line number="234" hits="1" branch="false" />
                <line number="235" hits="1" branch="false" />
                <line number="236" hits="1" branch="false" />
                <line number="240" hits="1" branch="false" />
                <line number="241" hits="1" branch="false" />
                <line number="242" hits="1" branch="false" />
                <line number="245" hits="1" branch="false" />
                <line number="246" hits="1" branch="false" />
                <line number="247" hits="1" branch="false" />
                <line number="250" hits="1" branch="false" />
                <line number="251" hits="1" branch="false" />
                <line number="252" hits="1" branch="false" />
                <line number="255" hits="0" branch="false" />
                <line number="256" hits="0" branch="false" />
                <line number="257" hits="0" branch="false" />
                <line number="261" hits="0" branch="false" />
                <line number="262" hits="0" branch="false" />
                <line number="263" hits="0" branch="false" />
                <line number="267" hits="0" branch="false" />
                <line number="268" hits="0" branch="false" />
                <line number="269" hits="0" branch="false" />
                <line number="273" hits="0" branch="false" />
                <line number="274" hits="0" branch="false" />
                <line number="275" hits="0" branch="false" />
                <line number="279" hits="0" branch="false" />
                <line number="280" hits="0" branch="false" />
                <line number="281" hits="0" branch="false" />
                <line number="285" hits="0" branch="false" />
                <line number="286" hits="0" branch="false" />
                <line number="287" hits="0" branch="false" />
                <line number="291" hits="0" branch="false" />
                <line number="292" hits="0" branch="false" />
                <line number="293" hits="0" branch="false" />
                <line number="297" hits="0" branch="false" />
                <line number="298" hits="0" branch="false" />
                <line number="299" hits="0" branch="false" />
                <line number="303" hits="0" branch="false" />
                <line number="304" hits="0" branch="false" />
                <line number="305" hits="0" branch="false" />
                <line number="309" hits="0" branch="false" />
                <line number="310" hits="0" branch="false" />
                <line number="311" hits="0" branch="false" />
                <line number="315" hits="0" branch="false" />
                <line number="316" hits="0" branch="false" />
                <line number="317" hits="0" branch="false" />
                <line number="321" hits="0" branch="false" />
                <line number="322" hits="0" branch="false" />
                <line number="323" hits="0" branch="false" />
                <line number="326" hits="0" branch="false" />
                <line number="327" hits="0" branch="false" />
                <line number="328" hits="0" branch="false" />
                <line number="333" hits="0" branch="false" />
                <line number="335" hits="0" branch="false" />
                <line number="336" hits="5" branch="false" />
              </lines>
            </method>
            <method name="IsIdentifier" signature="()" line-rate="0.222222222222222" branch-rate="0.166666666666667" complexity="12">
              <lines>
                <line number="339" hits="1" branch="false" />
                <line number="340" hits="1" branch="true" condition-coverage="50% (2/4)" />
                <line number="341" hits="1" branch="false" />
                <line number="342" hits="0" branch="false" />
                <line number="343" hits="0" branch="false" />
                <line number="344" hits="0" branch="false" />
                <line number="345" hits="0" branch="true" condition-coverage="0% (0/6)" />
                <line number="346" hits="0" branch="false" />
                <line number="347" hits="0" branch="false" />
                <line number="348" hits="0" branch="false" />
                <line number="349" hits="0" branch="true" condition-coverage="0% (0/2)" />
                <line number="350" hits="0" branch="false" />
                <line number="351" hits="0" branch="false" />
                <line number="352" hits="0" branch="false" />
                <line number="354" hits="0" branch="false" />
                <line number="356" hits="0" branch="false" />
                <line number="357" hits="0" branch="false" />
                <line number="358" hits="1" branch="false" />
              </lines>
            </method>
            <method name="IsSpace" signature="()" line-rate="0.5" branch-rate="0.5" complexity="2">
              <lines>
                <line number="361" hits="5" branch="false" />
                <line number="362" hits="5" branch="true" condition-coverage="50% (1/2)" />
                <line number="363" hits="0" branch="false" />
                <line number="364" hits="0" branch="false" />
                <line number="365" hits="0" branch="false" />
                <line number="366" hits="0" branch="false" />
                <line number="368" hits="5" branch="false" />
                <line number="370" hits="5" branch="false" />
              </lines>
            </method>
            <method name="IsOperator" signature="()" line-rate="0.0740740740740741" branch-rate="0.352941176470588" complexity="34">
              <lines>
                <line number="374" hits="5" branch="false" />
                <line number="375" hits="5" branch="false" />
                <line number="377" hits="5" branch="true" condition-coverage="46% (12/26)" />
                <line number="380" hits="0" branch="false" />
                <line number="381" hits="0" branch="false" />
                <line number="382" hits="0" branch="true" condition-coverage="0% (0/2)" />
                <line number="383" hits="0" branch="false" />
                <line number="384" hits="0" branch="false" />
                <line number="385" hits="0" branch="false" />
                <line number="386" hits="0" branch="false" />
                <line number="388" hits="0" branch="false" />
                <line number="394" hits="0" branch="false" />
                <line number="395" hits="0" branch="false" />
                <line number="396" hits="0" branch="false" />
                <line number="397" hits="0" branch="false" />
                <line number="400" hits="0" branch="false" />
                <line number="401" hits="0" branch="false" />
                <line number="402" hits="0" branch="false" />
                <line number="403" hits="0" branch="false" />
                <line number="407" hits="0" branch="false" />
                <line number="408" hits="0" branch="false" />
                <line number="409" hits="0" branch="false" />
                <line number="410" hits="0" branch="false" />
                <line number="414" hits="0" branch="false" />
                <line number="415" hits="0" branch="false" />
                <line number="416" hits="0" branch="false" />
                <line number="417" hits="0" branch="false" />
                <line number="420" hits="0" branch="false" />
                <line number="421" hits="0" branch="false" />
                <line number="422" hits="0" branch="true" condition-coverage="0% (0/2)" />
                <line number="423" hits="0" branch="false" />
                <line number="424" hits="0" branch="false" />
                <line number="425" hits="0" branch="false" />
                <line number="426" hits="0" branch="false" />
                <line number="428" hits="0" branch="false" />
                <line number="429" hits="0" branch="false" />
                <line number="432" hits="0" branch="false" />
                <line number="433" hits="0" branch="false" />
                <line number="434" hits="0" branch="true" condition-coverage="0% (0/2)" />
                <line number="435" hits="0" branch="false" />
                <line number="436" hits="0" branch="false" />
                <line number="437" hits="0" branch="false" />
                <line number="438" hits="0" branch="false" />
                <line number="440" hits="0" branch="false" />
                <line number="441" hits="0" branch="false" />
                <line number="444" hits="0" branch="false" />
                <line number="445" hits="0" branch="false" />
                <line number="446" hits="0" branch="false" />
                <line number="447" hits="0" branch="false" />
                <line number="451" hits="0" branch="false" />
                <line number="452" hits="0" branch="false" />
                <line number="453" hits="0" branch="false" />
                <line number="454" hits="0" branch="false" />
                <line number="458" hits="0" branch="false" />
                <line number="459" hits="0" branch="false" />
                <line number="460" hits="0" branch="true" condition-coverage="0% (0/2)" />
                <line number="461" hits="0" branch="false" />
                <line number="462" hits="0" branch="false" />
                <line number="463" hits="0" branch="false" />
                <line number="464" hits="0" branch="false" />
                <line number="466" hits="0" branch="false" />
                <line number="467" hits="0" branch="false" />
                <line number="471" hits="0" branch="false" />
                <line number="472" hits="0" branch="false" />
                <line number="473" hits="0" branch="false" />
                <line number="474" hits="0" branch="false" />
                <line number="478" hits="0" branch="false" />
                <line number="479" hits="0" branch="false" />
                <line number="480" hits="0" branch="false" />
                <line number="481" hits="0" branch="false" />
                <line number="485" hits="0" branch="false" />
                <line number="486" hits="0" branch="false" />
                <line number="487" hits="0" branch="false" />
                <line number="488" hits="0" branch="false" />
                <line number="492" hits="0" branch="false" />
                <line number="493" hits="0" branch="false" />
                <line number="494" hits="0" branch="false" />
                <line number="495" hits="0" branch="false" />
                <line number="499" hits="5" branch="false" />
                <line number="500" hits="5" branch="false" />
                <line number="504" hits="5" branch="false" />
              </lines>
            </method>
            <method name=".ctor" signature="(...)" line-rate="1" branch-rate="1" complexity="1">
              <lines>
                <line number="78" hits="5" branch="false" />
                <line number="79" hits="5" branch="false" />
                <line number="80" hits="5" branch="false" />
                <line number="82" hits="5" branch="false" />
                <line number="84" hits="5" branch="false" />
                <line number="85" hits="5" branch="false" />
                <line number="86" hits="5" branch="false" />
                <line number="88" hits="5" branch="false" />
              </lines>
            </method>
          </methods>
          <lines>
            <line number="78" hits="5" branch="false" />
            <line number="79" hits="5" branch="false" />
            <line number="80" hits="5" branch="false" />
            <line number="82" hits="5" branch="false" />
            <line number="84" hits="5" branch="false" />
            <line number="85" hits="5" branch="false" />
            <line number="86" hits="5" branch="false" />
            <line number="88" hits="5" branch="false" />
            <line number="90" hits="56" branch="false" />
            <line number="91" hits="61" branch="true" condition-coverage="100% (2/2)" />
            <line number="93" hits="51" branch="false" />
            <line number="95" hits="51" branch="true" condition-coverage="100% (2/2)" />
            <line number="96" hits="41" branch="false" />
            <line number="97" hits="41" branch="false" />
            <line number="98" hits="41" branch="false" />
            <line number="100" hits="10" branch="false" />
            <line number="101" hits="10" branch="true" condition-coverage="50% (1/2)" />
            <line number="102" hits="0" branch="false" />
            <line number="103" hits="0" branch="false" />
            <line number="104" hits="0" branch="false" />
            <line number="105" hits="0" branch="false" />
            <line number="107" hits="10" branch="false" />
            <line number="108" hits="10" branch="false" />
            <line number="109" hits="10" branch="false" />
            <line number="110" hits="10" branch="false" />
            <line number="111" hits="10" branch="false" />
            <line number="113" hits="51" branch="false" />
            <line number="114" hits="56" branch="false" />
            <line number="117" hits="0" branch="false" />
            <line number="118" hits="0" branch="true" condition-coverage="0% (0/2)" />
            <line number="119" hits="0" branch="false" />
            <line number="120" hits="0" branch="false" />
            <line number="121" hits="0" branch="false" />
            <line number="122" hits="0" branch="false" />
            <line number="124" hits="32" branch="false" />
            <line number="125" hits="32" branch="true" condition-coverage="50% (1/2)" />
            <line number="126" hits="32" branch="false" />
            <line number="127" hits="32" branch="true" condition-coverage="100% (2/2)" />
            <line number="128" hits="27" branch="false" />
            <line number="129" hits="27" branch="false" />
            <line number="130" hits="27" branch="false" />
            <line number="132" hits="5" branch="false" />
            <line number="133" hits="5" branch="false" />
            <line number="134" hits="5" branch="false" />
            <line number="135" hits="5" branch="false" />
            <line number="136" hits="32" branch="false" />
            <line number="138" hits="0" branch="false" />
            <line number="139" hits="0" branch="false" />
            <line number="140" hits="0" branch="false" />
            <line number="141" hits="0" branch="false" />
            <line number="142" hits="32" branch="false" />
            <line number="145" hits="37" branch="false" />
            <line number="146" hits="37" branch="false" />
            <line number="147" hits="69" branch="true" condition-coverage="100% (2/2)" />
            <line number="148" hits="37" branch="false" />
            <line number="149" hits="37" branch="false" />
            <line number="151" hits="0" branch="false" />
            <line number="152" hits="0" branch="false" />
            <line number="153" hits="0" branch="false" />
            <line number="155" hits="0" branch="false" />
            <line number="156" hits="0" branch="false" />
            <line number="157" hits="0" branch="false" />
            <line number="158" hits="0" branch="false" />
            <line number="159" hits="0" branch="false" />
            <line number="161" hits="5" branch="false" />
            <line number="162" hits="5" branch="true" condition-coverage="50% (1/2)" />
            <line number="165" hits="5" branch="false" />
            <line number="167" hits="5" branch="true" condition-coverage="50% (1/2)" />
            <line number="168" hits="0" branch="false" />
            <line number="169" hits="0" branch="false" />
            <line number="171" hits="5" branch="true" condition-coverage="50% (1/2)" />
            <line number="172" hits="0" branch="false" />
            <line number="173" hits="0" branch="false" />
            <line number="175" hits="5" branch="true" condition-coverage="100% (2/2)" />
            <line number="176" hits="4" branch="false" />
            <line number="177" hits="4" branch="false" />
            <line number="179" hits="1" branch="false" />
            <line number="180" hits="1" branch="true" condition-coverage="50% (1/2)" />
            <line number="181" hits="0" branch="false" />
            <line number="182" hits="0" branch="false" />
            <line number="184" hits="1" branch="false" />
            <line number="185" hits="1" branch="true" condition-coverage="50% (1/2)" />
            <line number="186" hits="1" branch="false" />
            <line number="187" hits="1" branch="false" />
            <line number="192" hits="0" branch="false" />
            <line number="194" hits="5" branch="false" />
            <line number="197" hits="1" branch="false" />
            <line number="198" hits="1" branch="true" condition-coverage="50% (1/2)" />
            <line number="199" hits="0" branch="false" />
            <line number="200" hits="1" branch="false" />
            <line number="201" hits="1" branch="false" />
            <line number="202" hits="1" branch="false" />
            <line number="203" hits="5" branch="true" condition-coverage="100% (2/2)" />
            <line number="204" hits="4" branch="false" />
            <line number="205" hits="4" branch="false" />
            <line number="206" hits="4" branch="false" />
            <line number="207" hits="4" branch="true" condition-coverage="50% (1/2)" />
            <line number="208" hits="0" branch="false" />
            <line number="209" hits="0" branch="false" />
            <line number="210" hits="0" branch="false" />
            <line number="212" hits="4" branch="false" />
            <line number="214" hits="1" branch="false" />
            <line number="215" hits="1" branch="false" />
            <line number="216" hits="1" branch="false" />
            <line number="219" hits="5" branch="false" />
            <line number="220" hits="6" branch="true" condition-coverage="100% (2/2)" />
            <line number="221" hits="4" branch="false" />
            <line number="222" hits="4" branch="false" />
            <line number="223" hits="4" branch="false" />
            <line number="224" hits="14" branch="true" condition-coverage="100% (2/2)" />
            <line number="225" hits="10" branch="false" />
            <line number="226" hits="10" branch="false" />
            <line number="227" hits="10" branch="false" />
            <line number="228" hits="10" branch="true" condition-coverage="100% (2/2)" />
            <line number="229" hits="10" branch="false" />
            <line number="231" hits="4" branch="true" condition-coverage="23% (17/75)" />
            <line number="234" hits="1" branch="false" />
            <line number="235" hits="1" branch="false" />
            <line number="236" hits="1" branch="false" />
            <line number="240" hits="1" branch="false" />
            <line number="241" hits="1" branch="false" />
            <line number="242" hits="1" branch="false" />
            <line number="245" hits="1" branch="false" />
            <line number="246" hits="1" branch="false" />
            <line number="247" hits="1" branch="false" />
            <line number="250" hits="1" branch="false" />
            <line number="251" hits="1" branch="false" />
            <line number="252" hits="1" branch="false" />
            <line number="255" hits="0" branch="false" />
            <line number="256" hits="0" branch="false" />
            <line number="257" hits="0" branch="false" />
            <line number="261" hits="0" branch="false" />
            <line number="262" hits="0" branch="false" />
            <line number="263" hits="0" branch="false" />
            <line number="267" hits="0" branch="false" />
            <line number="268" hits="0" branch="false" />
            <line number="269" hits="0" branch="false" />
            <line number="273" hits="0" branch="false" />
            <line number="274" hits="0" branch="false" />
            <line number="275" hits="0" branch="false" />
            <line number="279" hits="0" branch="false" />
            <line number="280" hits="0" branch="false" />
            <line number="281" hits="0" branch="false" />
            <line number="285" hits="0" branch="false" />
            <line number="286" hits="0" branch="false" />
            <line number="287" hits="0" branch="false" />
            <line number="291" hits="0" branch="false" />
            <line number="292" hits="0" branch="false" />
            <line number="293" hits="0" branch="false" />
            <line number="297" hits="0" branch="false" />
            <line number="298" hits="0" branch="false" />
            <line number="299" hits="0" branch="false" />
            <line number="303" hits="0" branch="false" />
            <line number="304" hits="0" branch="false" />
            <line number="305" hits="0" branch="false" />
            <line number="309" hits="0" branch="false" />
            <line number="310" hits="0" branch="false" />
            <line number="311" hits="0" branch="false" />
            <line number="315" hits="0" branch="false" />
            <line number="316" hits="0" branch="false" />
            <line number="317" hits="0" branch="false" />
            <line number="321" hits="0" branch="false" />
            <line number="322" hits="0" branch="false" />
            <line number="323" hits="0" branch="false" />
            <line number="326" hits="0" branch="false" />
            <line number="327" hits="0" branch="false" />
            <line number="328" hits="0" branch="false" />
            <line number="333" hits="0" branch="false" />
            <line number="335" hits="0" branch="false" />
            <line number="336" hits="5" branch="false" />
            <line number="339" hits="1" branch="false" />
            <line number="340" hits="1" branch="true" condition-coverage="50% (2/4)" />
            <line number="341" hits="1" branch="false" />
            <line number="342" hits="0" branch="false" />
            <line number="343" hits="0" branch="false" />
            <line number="344" hits="0" branch="false" />
            <line number="345" hits="0" branch="true" condition-coverage="0% (0/6)" />
            <line number="346" hits="0" branch="false" />
            <line number="347" hits="0" branch="false" />
            <line number="348" hits="0" branch="false" />
            <line number="349" hits="0" branch="true" condition-coverage="0% (0/2)" />
            <line number="350" hits="0" branch="false" />
            <line number="351" hits="0" branch="false" />
            <line number="352" hits="0" branch="false" />
            <line number="354" hits="0" branch="false" />
            <line number="356" hits="0" branch="false" />
            <line number="357" hits="0" branch="false" />
            <line number="358" hits="1" branch="false" />
            <line number="361" hits="5" branch="false" />
            <line number="362" hits="5" branch="true" condition-coverage="50% (1/2)" />
            <line number="363" hits="0" branch="false" />
            <line number="364" hits="0" branch="false" />
            <line number="365" hits="0" branch="false" />
            <line number="366" hits="0" branch="false" />
            <line number="368" hits="5" branch="false" />
            <line number="370" hits="5" branch="false" />
            <line number="374" hits="5" branch="false" />
            <line number="375" hits="5" branch="false" />
            <line number="377" hits="5" branch="true" condition-coverage="46% (12/26)" />
            <line number="380" hits="0" branch="false" />
            <line number="381" hits="0" branch="false" />
            <line number="382" hits="0" branch="true" condition-coverage="0% (0/2)" />
            <line number="383" hits="0" branch="false" />
            <line number="384" hits="0" branch="false" />
            <line number="385" hits="0" branch="false" />
            <line number="386" hits="0" branch="false" />
            <line number="388" hits="0" branch="false" />
            <line number="394" hits="0" branch="false" />
            <line number="395" hits="0" branch="false" />
            <line number="396" hits="0" branch="false" />
            <line number="397" hits="0" branch="false" />
            <line number="400" hits="0" branch="false" />
            <line number="401" hits="0" branch="false" />
            <line number="402" hits="0" branch="false" />
            <line number="403" hits="0" branch="false" />
            <line number="407" hits="0" branch="false" />
            <line number="408" hits="0" branch="false" />
            <line number="409" hits="0" branch="false" />
            <line number="410" hits="0" branch="false" />
            <line number="414" hits="0" branch="false" />
            <line number="415" hits="0" branch="false" />
            <line number="416" hits="0" branch="false" />
            <line number="417" hits="0" branch="false" />
            <line number="420" hits="0" branch="false" />
            <line number="421" hits="0" branch="false" />
            <line number="422" hits="0" branch="true" condition-coverage="0% (0/2)" />
            <line number="423" hits="0" branch="false" />
            <line number="424" hits="0" branch="false" />
            <line number="425" hits="0" branch="false" />
            <line number="426" hits="0" branch="false" />
            <line number="428" hits="0" branch="false" />
            <line number="429" hits="0" branch="false" />
            <line number="432" hits="0" branch="false" />
            <line number="433" hits="0" branch="false" />
            <line number="434" hits="0" branch="true" condition-coverage="0% (0/2)" />
            <line number="435" hits="0" branch="false" />
            <line number="436" hits="0" branch="false" />
            <line number="437" hits="0" branch="false" />
            <line number="438" hits="0" branch="false" />
            <line number="440" hits="0" branch="false" />
            <line number="441" hits="0" branch="false" />
            <line number="444" hits="0" branch="false" />
            <line number="445" hits="0" branch="false" />
            <line number="446" hits="0" branch="false" />
            <line number="447" hits="0" branch="false" />
            <line number="451" hits="0" branch="false" />
            <line number="452" hits="0" branch="false" />
            <line number="453" hits="0" branch="false" />
            <line number="454" hits="0" branch="false" />
            <line number="458" hits="0" branch="false" />
            <line number="459" hits="0" branch="false" />
            <line number="460" hits="0" branch="true" condition-coverage="0% (0/2)" />
            <line number="461" hits="0" branch="false" />
            <line number="462" hits="0" branch="false" />
            <line number="463" hits="0" branch="false" />
            <line number="464" hits="0" branch="false" />
            <line number="466" hits="0" branch="false" />
            <line number="467" hits="0" branch="false" />
            <line number="471" hits="0" branch="false" />
            <line number="472" hits="0" branch="false" />
            <line number="473" hits="0" branch="false" />
            <line number="474" hits="0" branch="false" />
            <line number="478" hits="0" branch="false" />
            <line number="479" hits="0" branch="false" />
            <line number="480" hits="0" branch="false" />
            <line number="481" hits="0" branch="false" />
            <line number="485" hits="0" branch="false" />
            <line number="486" hits="0" branch="false" />
            <line number="487" hits="0" branch="false" />
            <line number="488" hits="0" branch="false" />
            <line number="492" hits="0" branch="false" />
            <line number="493" hits="0" branch="false" />
            <line number="494" hits="0" branch="false" />
            <line number="495" hits="0" branch="false" />
            <line number="499" hits="5" branch="false" />
            <line number="500" hits="5" branch="false" />
            <line number="504" hits="5" branch="false" />
          </lines>
        </class>
        <class name="Program" filename="C:\Users\jayms\Documents\GitHub\pOOP-improved-syntax.314\lexer\430 project\Program.cs" line-rate="0" branch-rate="1" complexity="1">
          <methods>
            <method name="Main" signature="()" line-rate="0" branch-rate="1" complexity="1">
              <lines>
                <line number="11" hits="0" branch="false" />
                <line number="13" hits="0" branch="false" />
              </lines>
            </method>
          </methods>
          <lines>
            <line number="11" hits="0" branch="false" />
            <line number="13" hits="0" branch="false" />
          </lines>
        </class>
      </classes>
    </package>
    <package name="TestProject1" line-rate="0.975" branch-rate="1" complexity="6">
      <classes>
        <class name="AutoGeneratedProgram" filename="C:\Users\jayms\.nuget\packages\microsoft.net.test.sdk\17.8.0\build\netcoreapp3.1\Microsoft.NET.Test.Sdk.Program.cs" line-rate="0" branch-rate="1" complexity="1">
          <methods>
            <method name="Main" signature="(...)" line-rate="0" branch-rate="1" complexity="1">
              <lines>
                <line number="4" hits="0" branch="false" />
              </lines>
            </method>
          </methods>
          <lines>
            <line number="4" hits="0" branch="false" />
          </lines>
        </class>
        <class name="TokenizerTests" filename="C:\Users\jayms\Documents\GitHub\pOOP-improved-syntax.314\lexer\TestProject1\TokenizerTests.cs" line-rate="1" branch-rate="1" complexity="5">
          <methods>
            <method name="Tokenizer_ShouldIdentifyVarToken" signature="()" line-rate="1" branch-rate="1" complexity="1">
              <lines>
                <line number="9" hits="1" branch="false" />
                <line number="10" hits="1" branch="false" />
                <line number="11" hits="1" branch="false" />
                <line number="12" hits="1" branch="false" />
                <line number="14" hits="1" branch="false" />
                <line number="15" hits="1" branch="false" />
                <line number="16" hits="1" branch="false" />
                <line number="17" hits="1" branch="false" />
              </lines>
            </method>
            <method name="Tokenizer_ShouldIdentifyIntToken" signature="()" line-rate="1" branch-rate="1" complexity="1">
              <lines>
                <line number="21" hits="1" branch="false" />
                <line number="22" hits="1" branch="false" />
                <line number="23" hits="1" branch="false" />
                <line number="24" hits="1" branch="false" />
                <line number="26" hits="1" branch="false" />
                <line number="27" hits="1" branch="false" />
                <line number="28" hits="1" branch="false" />
                <line number="29" hits="1" branch="false" />
              </lines>
            </method>
            <method name="Tokenizer_ShouldIdentifyBoolToken" signature="()" line-rate="1" branch-rate="1" complexity="1">
              <lines>
                <line number="32" hits="1" branch="false" />
                <line number="33" hits="1" branch="false" />
                <line number="34" hits="1" branch="false" />
                <line number="35" hits="1" branch="false" />
                <line number="37" hits="1" branch="false" />
                <line number="38" hits="1" branch="false" />
                <line number="39" hits="1" branch="false" />
                <line number="40" hits="1" branch="false" />
              </lines>
            </method>
            <method name="Tokenizer_ShouldIdentifyVoidToken" signature="()" line-rate="1" branch-rate="1" complexity="1">
              <lines>
                <line number="43" hits="1" branch="false" />
                <line number="44" hits="1" branch="false" />
                <line number="45" hits="1" branch="false" />
                <line number="46" hits="1" branch="false" />
                <line number="48" hits="1" branch="false" />
                <line number="49" hits="1" branch="false" />
                <line number="50" hits="1" branch="false" />
                <line number="51" hits="1" branch="false" />
              </lines>
            </method>
            <method name="Tokenizer_CorrectlyIdentifiesIntegerLiteral" signature="()" line-rate="1" branch-rate="1" complexity="1">
              <lines>
                <line number="56" hits="1" branch="false" />
                <line number="57" hits="1" branch="false" />
                <line number="58" hits="1" branch="false" />
                <line number="60" hits="1" branch="false" />
                <line number="61" hits="1" branch="false" />
                <line number="62" hits="1" branch="false" />
                <line number="63" hits="1" branch="false" />
              </lines>
            </method>
          </methods>
          <lines>
            <line number="9" hits="1" branch="false" />
            <line number="10" hits="1" branch="false" />
            <line number="11" hits="1" branch="false" />
            <line number="12" hits="1" branch="false" />
            <line number="14" hits="1" branch="false" />
            <line number="15" hits="1" branch="false" />
            <line number="16" hits="1" branch="false" />
            <line number="17" hits="1" branch="false" />
            <line number="21" hits="1" branch="false" />
            <line number="22" hits="1" branch="false" />
            <line number="23" hits="1" branch="false" />
            <line number="24" hits="1" branch="false" />
            <line number="26" hits="1" branch="false" />
            <line number="27" hits="1" branch="false" />
            <line number="28" hits="1" branch="false" />
            <line number="29" hits="1" branch="false" />
            <line number="32" hits="1" branch="false" />
            <line number="33" hits="1" branch="false" />
            <line number="34" hits="1" branch="false" />
            <line number="35" hits="1" branch="false" />
            <line number="37" hits="1" branch="false" />
            <line number="38" hits="1" branch="false" />
            <line number="39" hits="1" branch="false" />
            <line number="40" hits="1" branch="false" />
            <line number="43" hits="1" branch="false" />
            <line number="44" hits="1" branch="false" />
            <line number="45" hits="1" branch="false" />
            <line number="46" hits="1" branch="false" />
            <line number="48" hits="1" branch="false" />
            <line number="49" hits="1" branch="false" />
            <line number="50" hits="1" branch="false" />
            <line number="51" hits="1" branch="false" />
            <line number="56" hits="1" branch="false" />
            <line number="57" hits="1" branch="false" />
            <line number="58" hits="1" branch="false" />
            <line number="60" hits="1" branch="false" />
            <line number="61" hits="1" branch="false" />
            <line number="62" hits="1" branch="false" />
            <line number="63" hits="1" branch="false" />
          </lines>
        </class>
      </classes>
    </package>
  </packages>
</coverage>